<?xml version="1.0" encoding="UTF-8"?>
<!-- Generated by org.testng.reporters.JUnitReportReporter -->
<testsuite hostname="DESKTOP-63VVHER" name="com.tesco.pom.testcases.ScreenTest_Positive" tests="1" failures="0" timestamp="11 Dec 2017 05:27:22 GMT" time="31.591" errors="0">
  <testcase name="doLogin" time="31.591" classname="com.tesco.pom.testcases.ScreenTest_Positive"/>
</testsuite> <!-- com.tesco.pom.testcases.ScreenTest_Positive -->
